Performing C SOURCE FILE Test CMAKE_HAVE_LIBC_PTHREAD failed with the following output:
Change Dir: /home/moskalev-i/CLionProjects/TestF/PodDSP/cmake-build-debug/CMakeFiles/CMakeTmp

Run Build Command(s):/usr/bin/make cmTC_13c3b/fast && /usr/bin/make  -f CMakeFiles/cmTC_13c3b.dir/build.make CMakeFiles/cmTC_13c3b.dir/build
make[1]: вход в каталог «/home/moskalev-i/CLionProjects/TestF/PodDSP/cmake-build-debug/CMakeFiles/CMakeTmp»
Building C object CMakeFiles/cmTC_13c3b.dir/src.c.o
/usr/bin/gcc-10 -DCMAKE_HAVE_LIBC_PTHREAD   -o CMakeFiles/cmTC_13c3b.dir/src.c.o -c /home/moskalev-i/CLionProjects/TestF/PodDSP/cmake-build-debug/CMakeFiles/CMakeTmp/src.c
Linking C executable cmTC_13c3b
/snap/cmake/852/bin/cmake -E cmake_link_script CMakeFiles/cmTC_13c3b.dir/link.txt --verbose=1
/usr/bin/gcc-10 CMakeFiles/cmTC_13c3b.dir/src.c.o -o cmTC_13c3b 
/usr/bin/ld: CMakeFiles/cmTC_13c3b.dir/src.c.o: в функции «main»:
src.c:(.text+0x46): неопределённая ссылка на «pthread_create»
/usr/bin/ld: src.c:(.text+0x52): неопределённая ссылка на «pthread_detach»
/usr/bin/ld: src.c:(.text+0x5e): неопределённая ссылка на «pthread_cancel»
/usr/bin/ld: src.c:(.text+0x6f): неопределённая ссылка на «pthread_join»
collect2: error: ld returned 1 exit status
make[1]: *** [CMakeFiles/cmTC_13c3b.dir/build.make:106: cmTC_13c3b] Ошибка 1
make[1]: выход из каталога «/home/moskalev-i/CLionProjects/TestF/PodDSP/cmake-build-debug/CMakeFiles/CMakeTmp»
make: *** [Makefile:140: cmTC_13c3b/fast] Ошибка 2


Source file was:
#include <pthread.h>

static void* test_func(void* data)
{
  return data;
}

int main(void)
{
  pthread_t thread;
  pthread_create(&thread, NULL, test_func, NULL);
  pthread_detach(thread);
  pthread_cancel(thread);
  pthread_join(thread, NULL);
  pthread_atfork(NULL, NULL, NULL);
  pthread_exit(NULL);

  return 0;
}

Determining if the function pthread_create exists in the pthreads failed with the following output:
Change Dir: /home/moskalev-i/CLionProjects/TestF/PodDSP/cmake-build-debug/CMakeFiles/CMakeTmp

Run Build Command(s):/usr/bin/make cmTC_73b96/fast && /usr/bin/make  -f CMakeFiles/cmTC_73b96.dir/build.make CMakeFiles/cmTC_73b96.dir/build
make[1]: вход в каталог «/home/moskalev-i/CLionProjects/TestF/PodDSP/cmake-build-debug/CMakeFiles/CMakeTmp»
Building C object CMakeFiles/cmTC_73b96.dir/CheckFunctionExists.c.o
/usr/bin/gcc-10   -DCHECK_FUNCTION_EXISTS=pthread_create -o CMakeFiles/cmTC_73b96.dir/CheckFunctionExists.c.o -c /snap/cmake/852/share/cmake-3.19/Modules/CheckFunctionExists.c
Linking C executable cmTC_73b96
/snap/cmake/852/bin/cmake -E cmake_link_script CMakeFiles/cmTC_73b96.dir/link.txt --verbose=1
/usr/bin/gcc-10  -DCHECK_FUNCTION_EXISTS=pthread_create CMakeFiles/cmTC_73b96.dir/CheckFunctionExists.c.o -o cmTC_73b96  -lpthreads 
/usr/bin/ld: невозможно найти -lpthreads
collect2: error: ld returned 1 exit status
make[1]: *** [CMakeFiles/cmTC_73b96.dir/build.make:106: cmTC_73b96] Ошибка 1
make[1]: выход из каталога «/home/moskalev-i/CLionProjects/TestF/PodDSP/cmake-build-debug/CMakeFiles/CMakeTmp»
make: *** [Makefile:140: cmTC_73b96/fast] Ошибка 2



Performing C SOURCE FILE Test CMAKE_HAVE_LIBC_PTHREAD failed with the following output:
Change Dir: /home/moskalev-i/CLionProjects/TestF/PodDSP/cmake-build-debug/CMakeFiles/CMakeTmp

Run Build Command(s):/usr/bin/make cmTC_dc3f2/fast && /usr/bin/make  -f CMakeFiles/cmTC_dc3f2.dir/build.make CMakeFiles/cmTC_dc3f2.dir/build
make[1]: вход в каталог «/home/moskalev-i/CLionProjects/TestF/PodDSP/cmake-build-debug/CMakeFiles/CMakeTmp»
Building C object CMakeFiles/cmTC_dc3f2.dir/src.c.o
/usr/bin/gcc-10 -DCMAKE_HAVE_LIBC_PTHREAD   -o CMakeFiles/cmTC_dc3f2.dir/src.c.o -c /home/moskalev-i/CLionProjects/TestF/PodDSP/cmake-build-debug/CMakeFiles/CMakeTmp/src.c
Linking C executable cmTC_dc3f2
/snap/cmake/852/bin/cmake -E cmake_link_script CMakeFiles/cmTC_dc3f2.dir/link.txt --verbose=1
/usr/bin/gcc-10 CMakeFiles/cmTC_dc3f2.dir/src.c.o -o cmTC_dc3f2 
/usr/bin/ld: CMakeFiles/cmTC_dc3f2.dir/src.c.o: в функции «main»:
src.c:(.text+0x46): неопределённая ссылка на «pthread_create»
/usr/bin/ld: src.c:(.text+0x52): неопределённая ссылка на «pthread_detach»
/usr/bin/ld: src.c:(.text+0x5e): неопределённая ссылка на «pthread_cancel»
/usr/bin/ld: src.c:(.text+0x6f): неопределённая ссылка на «pthread_join»
collect2: error: ld returned 1 exit status
make[1]: *** [CMakeFiles/cmTC_dc3f2.dir/build.make:106: cmTC_dc3f2] Ошибка 1
make[1]: выход из каталога «/home/moskalev-i/CLionProjects/TestF/PodDSP/cmake-build-debug/CMakeFiles/CMakeTmp»
make: *** [Makefile:140: cmTC_dc3f2/fast] Ошибка 2


Source file was:
#include <pthread.h>

static void* test_func(void* data)
{
  return data;
}

int main(void)
{
  pthread_t thread;
  pthread_create(&thread, NULL, test_func, NULL);
  pthread_detach(thread);
  pthread_cancel(thread);
  pthread_join(thread, NULL);
  pthread_atfork(NULL, NULL, NULL);
  pthread_exit(NULL);

  return 0;
}

Determining if the function pthread_create exists in the pthreads failed with the following output:
Change Dir: /home/moskalev-i/CLionProjects/TestF/PodDSP/cmake-build-debug/CMakeFiles/CMakeTmp

Run Build Command(s):/usr/bin/make cmTC_e6c16/fast && /usr/bin/make  -f CMakeFiles/cmTC_e6c16.dir/build.make CMakeFiles/cmTC_e6c16.dir/build
make[1]: вход в каталог «/home/moskalev-i/CLionProjects/TestF/PodDSP/cmake-build-debug/CMakeFiles/CMakeTmp»
Building C object CMakeFiles/cmTC_e6c16.dir/CheckFunctionExists.c.o
/usr/bin/gcc-10   -DCHECK_FUNCTION_EXISTS=pthread_create -o CMakeFiles/cmTC_e6c16.dir/CheckFunctionExists.c.o -c /snap/cmake/852/share/cmake-3.19/Modules/CheckFunctionExists.c
Linking C executable cmTC_e6c16
/snap/cmake/852/bin/cmake -E cmake_link_script CMakeFiles/cmTC_e6c16.dir/link.txt --verbose=1
/usr/bin/gcc-10  -DCHECK_FUNCTION_EXISTS=pthread_create CMakeFiles/cmTC_e6c16.dir/CheckFunctionExists.c.o -o cmTC_e6c16  -lpthreads 
/usr/bin/ld: невозможно найти -lpthreads
collect2: error: ld returned 1 exit status
make[1]: *** [CMakeFiles/cmTC_e6c16.dir/build.make:106: cmTC_e6c16] Ошибка 1
make[1]: выход из каталога «/home/moskalev-i/CLionProjects/TestF/PodDSP/cmake-build-debug/CMakeFiles/CMakeTmp»
make: *** [Makefile:140: cmTC_e6c16/fast] Ошибка 2



